10:33:07.614 [main] INFO  org.testng.internal.Utils -- [TestNG] Running:
  C:\QA\QA55_PhonebookUI\src\test\resources\smoky.xml

10:33:08.844 [main] INFO  com.phonebook.fw.ApplicationManager -- Test start in Chrome browser
10:33:09.360 [main] INFO  com.phonebook.fw.ApplicationManager -- Current url-->https://telranedu.web.app/home
10:33:09.472 [main] INFO  com.phonebook.tests.TestBase -- Start testisHomeComponentPresentTest[]
10:33:09.475 [main] INFO  com.phonebook.utils.MyListener -- Before find elements By.cssSelector: div:nth-child(2)>div>div>h1
10:33:09.475 [main] INFO  com.phonebook.utils.MyListener -- **********************************
10:33:09.503 [main] INFO  com.phonebook.utils.MyListener -- List size1
10:33:09.504 [main] INFO  com.phonebook.utils.MyListener -- *****************************
10:33:09.505 [main] INFO  com.phonebook.utils.MyListener -- Before find elements By.cssSelector: div:nth-child(2)>div>div>h1
10:33:09.505 [main] INFO  com.phonebook.utils.MyListener -- **********************************
10:33:09.515 [main] INFO  com.phonebook.utils.MyListener -- List size1
10:33:09.516 [main] INFO  com.phonebook.utils.MyListener -- *****************************
10:33:09.519 [main] INFO  com.phonebook.tests.TestBase -- PASSED: HomePageTest.isHomeComponentPresentTest()[pri:0, instance:com.phonebook.tests.HomePageTest@5a7fe64f]
10:33:09.520 [main] INFO  com.phonebook.tests.TestBase -- Stop test
10:33:09.520 [main] INFO  com.phonebook.tests.TestBase -- ++++++++++++++++++++++++++++++++++++++++++++++++++++++++++++++++++++++++++++++++++++++++++++++++++++++
10:33:09.523 [main] INFO  com.phonebook.tests.TestBase -- Start testloginPositiveTest[]
10:33:09.523 [main] INFO  com.phonebook.utils.MyListener -- Before find elements By.cssSelector: [href='/login']
10:33:09.524 [main] INFO  com.phonebook.utils.MyListener -- **********************************
10:33:09.539 [main] INFO  com.phonebook.utils.MyListener -- List size1
10:33:09.539 [main] INFO  com.phonebook.utils.MyListener -- *****************************
10:33:09.541 [main] INFO  com.phonebook.tests.TestBase -- Login with data-->noa@gmail.com****************************Nnoa12345$
10:33:09.541 [main] INFO  com.phonebook.utils.MyListener -- The locator will findBy.cssSelector: [href='/login']
10:33:09.541 [main] INFO  com.phonebook.utils.MyListener -- ********************************
10:33:09.558 [main] INFO  com.phonebook.utils.MyListener -- The locator is By.cssSelector: [href='/login']
10:33:09.558 [main] INFO  com.phonebook.utils.MyListener -- ********************************
10:33:09.644 [main] INFO  com.phonebook.utils.MyListener -- The locator will findBy.name: email
10:33:09.644 [main] INFO  com.phonebook.utils.MyListener -- ********************************
10:33:09.672 [main] INFO  com.phonebook.utils.MyListener -- The locator is By.name: email
10:33:09.673 [main] INFO  com.phonebook.utils.MyListener -- ********************************
10:33:09.734 [main] INFO  com.phonebook.utils.MyListener -- The locator will findBy.name: email
10:33:09.734 [main] INFO  com.phonebook.utils.MyListener -- ********************************
10:33:09.761 [main] INFO  com.phonebook.utils.MyListener -- The locator is By.name: email
10:33:09.762 [main] INFO  com.phonebook.utils.MyListener -- ********************************
10:33:09.798 [main] INFO  com.phonebook.utils.MyListener -- The locator will findBy.name: email
10:33:09.798 [main] INFO  com.phonebook.utils.MyListener -- ********************************
10:33:09.807 [main] INFO  com.phonebook.utils.MyListener -- The locator is By.name: email
10:33:09.807 [main] INFO  com.phonebook.utils.MyListener -- ********************************
10:33:09.851 [main] INFO  com.phonebook.utils.MyListener -- The locator will findBy.name: passwor
10:33:09.852 [main] INFO  com.phonebook.utils.MyListener -- ********************************
10:33:19.918 [main] INFO  com.phonebook.utils.MyListener -- The test has a problem
10:33:19.918 [main] INFO  com.phonebook.utils.MyListener -- *******************************************************************
10:33:19.918 [main] INFO  com.phonebook.utils.MyListener -- Method->findElement
10:33:19.918 [main] INFO  com.phonebook.utils.MyListener -- ********************************************************************
10:33:19.918 [main] INFO  com.phonebook.utils.MyListener -- TargetException-->org.openqa.selenium.NoSuchElementException: no such element: Unable to locate element: {"method":"css selector","selector":"*[name='passwor']"}
  (Session info: chrome=135.0.7049.96)
For documentation on this error, please visit: https://www.selenium.dev/documentation/webdriver/troubleshooting/errors#no-such-element-exception
Build info: version: '4.30.0', revision: '509c7f17cc*'
System info: os.name: 'Windows 11', os.arch: 'amd64', os.version: '10.0', java.version: '17.0.13'
Driver info: org.openqa.selenium.chrome.ChromeDriver
Command: [1fa0503eb34bb43cc84e581d9e65abd3, findElement {value=passwor, using=name}]
Capabilities {acceptInsecureCerts: false, browserName: chrome, browserVersion: 135.0.7049.96, chrome: {chromedriverVersion: 134.0.6998.165 (fd886e2cb29..., userDataDir: C:\Users\anast\AppData\Loca...}, fedcm:accounts: true, goog:chromeOptions: {debuggerAddress: localhost:50305}, networkConnectionEnabled: false, pageLoadStrategy: normal, platformName: windows, proxy: Proxy(), se:cdp: ws://localhost:50305/devtoo..., se:cdpVersion: 135.0.7049.96, setWindowRect: true, strictFileInteractability: false, timeouts: {implicit: 0, pageLoad: 300000, script: 30000}, unhandledPromptBehavior: dismiss and notify, webauthn:extension:credBlob: true, webauthn:extension:largeBlob: true, webauthn:extension:minPinLength: true, webauthn:extension:prf: true, webauthn:virtualAuthenticators: true}
Session ID: 1fa0503eb34bb43cc84e581d9e65abd3
10:33:19.918 [main] INFO  com.phonebook.utils.MyListener -- *********************************************************************
10:33:19.920 [main] INFO  com.phonebook.utils.MyListener -- Object target-->ChromeDriver: chrome on windows (1fa0503eb34bb43cc84e581d9e65abd3)
10:33:19.920 [main] INFO  com.phonebook.utils.MyListener -- **********************************************************************
10:33:20.162 [main] ERROR com.phonebook.tests.TestBase -- FAILED: loginPositiveTestScreenshot path:C:\QA\QA55_PhonebookUI\screenshots\screen-1745829200147.png
10:33:20.163 [main] INFO  com.phonebook.tests.TestBase -- Stop test
10:33:20.163 [main] INFO  com.phonebook.tests.TestBase -- ++++++++++++++++++++++++++++++++++++++++++++++++++++++++++++++++++++++++++++++++++++++++++++++++++++++
10:33:20.164 [main] INFO  com.phonebook.tests.TestBase -- Start testaddContactPositiveTest[]
10:33:20.165 [main] INFO  com.phonebook.utils.MyListener -- Before find elements By.cssSelector: [href='/login']
10:33:20.165 [main] INFO  com.phonebook.utils.MyListener -- **********************************
10:33:20.175 [main] INFO  com.phonebook.utils.MyListener -- List size1
10:33:20.175 [main] INFO  com.phonebook.utils.MyListener -- *****************************
10:33:20.175 [main] INFO  com.phonebook.utils.MyListener -- The locator will findBy.cssSelector: [href='/login']
10:33:20.175 [main] INFO  com.phonebook.utils.MyListener -- ********************************
10:33:20.184 [main] INFO  com.phonebook.utils.MyListener -- The locator is By.cssSelector: [href='/login']
10:33:20.184 [main] INFO  com.phonebook.utils.MyListener -- ********************************
10:33:20.250 [main] INFO  com.phonebook.utils.MyListener -- The locator will findBy.name: email
10:33:20.250 [main] INFO  com.phonebook.utils.MyListener -- ********************************
10:33:20.259 [main] INFO  com.phonebook.utils.MyListener -- The locator is By.name: email
10:33:20.259 [main] INFO  com.phonebook.utils.MyListener -- ********************************
10:33:20.311 [main] INFO  com.phonebook.utils.MyListener -- The locator will findBy.name: email
10:33:20.311 [main] INFO  com.phonebook.utils.MyListener -- ********************************
10:33:20.320 [main] INFO  com.phonebook.utils.MyListener -- The locator is By.name: email
10:33:20.321 [main] INFO  com.phonebook.utils.MyListener -- ********************************
10:33:20.347 [main] INFO  com.phonebook.utils.MyListener -- The locator will findBy.name: email
10:33:20.347 [main] INFO  com.phonebook.utils.MyListener -- ********************************
10:33:20.357 [main] INFO  com.phonebook.utils.MyListener -- The locator is By.name: email
10:33:20.357 [main] INFO  com.phonebook.utils.MyListener -- ********************************
10:33:20.414 [main] INFO  com.phonebook.utils.MyListener -- The locator will findBy.name: passwor
10:33:20.414 [main] INFO  com.phonebook.utils.MyListener -- ********************************
10:33:30.452 [main] INFO  com.phonebook.utils.MyListener -- The test has a problem
10:33:30.452 [main] INFO  com.phonebook.utils.MyListener -- *******************************************************************
10:33:30.452 [main] INFO  com.phonebook.utils.MyListener -- Method->findElement
10:33:30.452 [main] INFO  com.phonebook.utils.MyListener -- ********************************************************************
10:33:30.452 [main] INFO  com.phonebook.utils.MyListener -- TargetException-->org.openqa.selenium.NoSuchElementException: no such element: Unable to locate element: {"method":"css selector","selector":"*[name='passwor']"}
  (Session info: chrome=135.0.7049.96)
For documentation on this error, please visit: https://www.selenium.dev/documentation/webdriver/troubleshooting/errors#no-such-element-exception
Build info: version: '4.30.0', revision: '509c7f17cc*'
System info: os.name: 'Windows 11', os.arch: 'amd64', os.version: '10.0', java.version: '17.0.13'
Driver info: org.openqa.selenium.chrome.ChromeDriver
Command: [1fa0503eb34bb43cc84e581d9e65abd3, findElement {value=passwor, using=name}]
Capabilities {acceptInsecureCerts: false, browserName: chrome, browserVersion: 135.0.7049.96, chrome: {chromedriverVersion: 134.0.6998.165 (fd886e2cb29..., userDataDir: C:\Users\anast\AppData\Loca...}, fedcm:accounts: true, goog:chromeOptions: {debuggerAddress: localhost:50305}, networkConnectionEnabled: false, pageLoadStrategy: normal, platformName: windows, proxy: Proxy(), se:cdp: ws://localhost:50305/devtoo..., se:cdpVersion: 135.0.7049.96, setWindowRect: true, strictFileInteractability: false, timeouts: {implicit: 0, pageLoad: 300000, script: 30000}, unhandledPromptBehavior: dismiss and notify, webauthn:extension:credBlob: true, webauthn:extension:largeBlob: true, webauthn:extension:minPinLength: true, webauthn:extension:prf: true, webauthn:virtualAuthenticators: true}
Session ID: 1fa0503eb34bb43cc84e581d9e65abd3
10:33:30.452 [main] INFO  com.phonebook.utils.MyListener -- *********************************************************************
10:33:30.452 [main] INFO  com.phonebook.utils.MyListener -- Object target-->ChromeDriver: chrome on windows (1fa0503eb34bb43cc84e581d9e65abd3)
10:33:30.453 [main] INFO  com.phonebook.utils.MyListener -- **********************************************************************
10:33:30.457 [main] INFO  com.phonebook.tests.TestBase -- Start testdeleteContactTest[]
10:33:30.458 [main] INFO  com.phonebook.utils.MyListener -- Before find elements By.cssSelector: [href='/login']
10:33:30.458 [main] INFO  com.phonebook.utils.MyListener -- **********************************
10:33:30.465 [main] INFO  com.phonebook.utils.MyListener -- List size1
10:33:30.466 [main] INFO  com.phonebook.utils.MyListener -- *****************************
10:33:30.466 [main] INFO  com.phonebook.utils.MyListener -- The locator will findBy.cssSelector: [href='/login']
10:33:30.466 [main] INFO  com.phonebook.utils.MyListener -- ********************************
10:33:30.473 [main] INFO  com.phonebook.utils.MyListener -- The locator is By.cssSelector: [href='/login']
10:33:30.473 [main] INFO  com.phonebook.utils.MyListener -- ********************************
10:33:30.533 [main] INFO  com.phonebook.utils.MyListener -- The locator will findBy.name: email
10:33:30.533 [main] INFO  com.phonebook.utils.MyListener -- ********************************
10:33:30.542 [main] INFO  com.phonebook.utils.MyListener -- The locator is By.name: email
10:33:30.542 [main] INFO  com.phonebook.utils.MyListener -- ********************************
10:33:30.591 [main] INFO  com.phonebook.utils.MyListener -- The locator will findBy.name: email
10:33:30.591 [main] INFO  com.phonebook.utils.MyListener -- ********************************
10:33:30.598 [main] INFO  com.phonebook.utils.MyListener -- The locator is By.name: email
10:33:30.598 [main] INFO  com.phonebook.utils.MyListener -- ********************************
10:33:30.619 [main] INFO  com.phonebook.utils.MyListener -- The locator will findBy.name: email
10:33:30.619 [main] INFO  com.phonebook.utils.MyListener -- ********************************
10:33:30.626 [main] INFO  com.phonebook.utils.MyListener -- The locator is By.name: email
10:33:30.626 [main] INFO  com.phonebook.utils.MyListener -- ********************************
10:33:30.671 [main] INFO  com.phonebook.utils.MyListener -- The locator will findBy.name: passwor
10:33:30.671 [main] INFO  com.phonebook.utils.MyListener -- ********************************
10:33:40.726 [main] INFO  com.phonebook.utils.MyListener -- The test has a problem
10:33:40.726 [main] INFO  com.phonebook.utils.MyListener -- *******************************************************************
10:33:40.726 [main] INFO  com.phonebook.utils.MyListener -- Method->findElement
10:33:40.726 [main] INFO  com.phonebook.utils.MyListener -- ********************************************************************
10:33:40.728 [main] INFO  com.phonebook.utils.MyListener -- TargetException-->org.openqa.selenium.NoSuchElementException: no such element: Unable to locate element: {"method":"css selector","selector":"*[name='passwor']"}
  (Session info: chrome=135.0.7049.96)
For documentation on this error, please visit: https://www.selenium.dev/documentation/webdriver/troubleshooting/errors#no-such-element-exception
Build info: version: '4.30.0', revision: '509c7f17cc*'
System info: os.name: 'Windows 11', os.arch: 'amd64', os.version: '10.0', java.version: '17.0.13'
Driver info: org.openqa.selenium.chrome.ChromeDriver
Command: [1fa0503eb34bb43cc84e581d9e65abd3, findElement {value=passwor, using=name}]
Capabilities {acceptInsecureCerts: false, browserName: chrome, browserVersion: 135.0.7049.96, chrome: {chromedriverVersion: 134.0.6998.165 (fd886e2cb29..., userDataDir: C:\Users\anast\AppData\Loca...}, fedcm:accounts: true, goog:chromeOptions: {debuggerAddress: localhost:50305}, networkConnectionEnabled: false, pageLoadStrategy: normal, platformName: windows, proxy: Proxy(), se:cdp: ws://localhost:50305/devtoo..., se:cdpVersion: 135.0.7049.96, setWindowRect: true, strictFileInteractability: false, timeouts: {implicit: 0, pageLoad: 300000, script: 30000}, unhandledPromptBehavior: dismiss and notify, webauthn:extension:credBlob: true, webauthn:extension:largeBlob: true, webauthn:extension:minPinLength: true, webauthn:extension:prf: true, webauthn:virtualAuthenticators: true}
Session ID: 1fa0503eb34bb43cc84e581d9e65abd3
10:33:40.728 [main] INFO  com.phonebook.utils.MyListener -- *********************************************************************
10:33:40.728 [main] INFO  com.phonebook.utils.MyListener -- Object target-->ChromeDriver: chrome on windows (1fa0503eb34bb43cc84e581d9e65abd3)
10:33:40.728 [main] INFO  com.phonebook.utils.MyListener -- **********************************************************************
