10:26:50.518 [main] INFO  org.testng.internal.Utils -- [TestNG] Running:
  C:\QA\QA55_PhonebookUI\src\test\resources\negative.xml

10:26:52.135 [main] INFO  com.phonebook.fw.ApplicationManager -- Test start in Chrome browser
10:26:52.998 [main] INFO  com.phonebook.fw.ApplicationManager -- Current url-->https://telranedu.web.app/home
10:26:53.114 [main] INFO  com.phonebook.tests.TestBase -- Start testexistedUserRegistrationNegativeTest[]
10:26:53.117 [main] INFO  com.phonebook.utils.MyListener -- Before find elements By.cssSelector: [href='/login']
10:26:53.117 [main] INFO  com.phonebook.utils.MyListener -- **********************************
10:26:53.150 [main] INFO  com.phonebook.utils.MyListener -- List size1
10:26:53.150 [main] INFO  com.phonebook.utils.MyListener -- *****************************
10:26:53.151 [main] INFO  com.phonebook.utils.MyListener -- The locator will findBy.cssSelector: [href='/login']
10:26:53.152 [main] INFO  com.phonebook.utils.MyListener -- ********************************
10:26:53.168 [main] INFO  com.phonebook.utils.MyListener -- The locator is By.cssSelector: [href='/login']
10:26:53.168 [main] INFO  com.phonebook.utils.MyListener -- ********************************
10:26:53.260 [main] INFO  com.phonebook.utils.MyListener -- The locator will findBy.name: email
10:26:53.260 [main] INFO  com.phonebook.utils.MyListener -- ********************************
10:26:53.275 [main] INFO  com.phonebook.utils.MyListener -- The locator is By.name: email
10:26:53.275 [main] INFO  com.phonebook.utils.MyListener -- ********************************
10:26:53.358 [main] INFO  com.phonebook.utils.MyListener -- The locator will findBy.name: email
10:26:53.358 [main] INFO  com.phonebook.utils.MyListener -- ********************************
10:26:53.368 [main] INFO  com.phonebook.utils.MyListener -- The locator is By.name: email
10:26:53.369 [main] INFO  com.phonebook.utils.MyListener -- ********************************
10:26:53.401 [main] INFO  com.phonebook.utils.MyListener -- The locator will findBy.name: email
10:26:53.401 [main] INFO  com.phonebook.utils.MyListener -- ********************************
10:26:53.409 [main] INFO  com.phonebook.utils.MyListener -- The locator is By.name: email
10:26:53.409 [main] INFO  com.phonebook.utils.MyListener -- ********************************
10:26:53.463 [main] INFO  com.phonebook.utils.MyListener -- The locator will findBy.name: passwor
10:26:53.463 [main] INFO  com.phonebook.utils.MyListener -- ********************************
10:27:03.497 [main] INFO  com.phonebook.utils.MyListener -- The test has a problem
10:27:03.497 [main] INFO  com.phonebook.utils.MyListener -- *******************************************************************
10:27:03.497 [main] INFO  com.phonebook.utils.MyListener -- Method->findElement
10:27:03.497 [main] INFO  com.phonebook.utils.MyListener -- ********************************************************************
10:27:03.498 [main] INFO  com.phonebook.utils.MyListener -- TargetException-->org.openqa.selenium.NoSuchElementException: no such element: Unable to locate element: {"method":"css selector","selector":"*[name='passwor']"}
  (Session info: chrome=135.0.7049.96)
For documentation on this error, please visit: https://www.selenium.dev/documentation/webdriver/troubleshooting/errors#no-such-element-exception
Build info: version: '4.30.0', revision: '509c7f17cc*'
System info: os.name: 'Windows 11', os.arch: 'amd64', os.version: '10.0', java.version: '17.0.13'
Driver info: org.openqa.selenium.chrome.ChromeDriver
Command: [f79746e3317bbf8d92f4df2f4546de5d, findElement {using=name, value=passwor}]
Capabilities {acceptInsecureCerts: false, browserName: chrome, browserVersion: 135.0.7049.96, chrome: {chromedriverVersion: 134.0.6998.165 (fd886e2cb29..., userDataDir: C:\Users\anast\AppData\Loca...}, fedcm:accounts: true, goog:chromeOptions: {debuggerAddress: localhost:50080}, networkConnectionEnabled: false, pageLoadStrategy: normal, platformName: windows, proxy: Proxy(), se:cdp: ws://localhost:50080/devtoo..., se:cdpVersion: 135.0.7049.96, setWindowRect: true, strictFileInteractability: false, timeouts: {implicit: 0, pageLoad: 300000, script: 30000}, unhandledPromptBehavior: dismiss and notify, webauthn:extension:credBlob: true, webauthn:extension:largeBlob: true, webauthn:extension:minPinLength: true, webauthn:extension:prf: true, webauthn:virtualAuthenticators: true}
Session ID: f79746e3317bbf8d92f4df2f4546de5d
10:27:03.498 [main] INFO  com.phonebook.utils.MyListener -- *********************************************************************
10:27:03.498 [main] INFO  com.phonebook.utils.MyListener -- Object target-->ChromeDriver: chrome on windows (f79746e3317bbf8d92f4df2f4546de5d)
10:27:03.498 [main] INFO  com.phonebook.utils.MyListener -- **********************************************************************
10:27:03.763 [main] ERROR com.phonebook.tests.TestBase -- FAILED: existedUserRegistrationNegativeTestScreenshot path:C:\QA\QA55_PhonebookUI\screenshots\screen-1745828823738.png
10:27:03.763 [main] INFO  com.phonebook.tests.TestBase -- Stop test
10:27:03.763 [main] INFO  com.phonebook.tests.TestBase -- ++++++++++++++++++++++++++++++++++++++++++++++++++++++++++++++++++++++++++++++++++++++++++++++++++++++
10:27:03.766 [main] INFO  com.phonebook.tests.TestBase -- Start testloginNegativeWithoutEmailTest[]
10:27:03.766 [main] INFO  com.phonebook.utils.MyListener -- Before find elements By.cssSelector: [href='/login']
10:27:03.767 [main] INFO  com.phonebook.utils.MyListener -- **********************************
10:27:03.781 [main] INFO  com.phonebook.utils.MyListener -- List size1
10:27:03.781 [main] INFO  com.phonebook.utils.MyListener -- *****************************
10:27:03.781 [main] INFO  com.phonebook.utils.MyListener -- The locator will findBy.cssSelector: [href='/login']
10:27:03.781 [main] INFO  com.phonebook.utils.MyListener -- ********************************
10:27:03.795 [main] INFO  com.phonebook.utils.MyListener -- The locator is By.cssSelector: [href='/login']
10:27:03.795 [main] INFO  com.phonebook.utils.MyListener -- ********************************
10:27:03.877 [main] INFO  com.phonebook.utils.MyListener -- The locator will findBy.name: passwor
10:27:03.877 [main] INFO  com.phonebook.utils.MyListener -- ********************************
10:27:13.911 [main] INFO  com.phonebook.utils.MyListener -- The test has a problem
10:27:13.911 [main] INFO  com.phonebook.utils.MyListener -- *******************************************************************
10:27:13.911 [main] INFO  com.phonebook.utils.MyListener -- Method->findElement
10:27:13.911 [main] INFO  com.phonebook.utils.MyListener -- ********************************************************************
10:27:13.911 [main] INFO  com.phonebook.utils.MyListener -- TargetException-->org.openqa.selenium.NoSuchElementException: no such element: Unable to locate element: {"method":"css selector","selector":"*[name='passwor']"}
  (Session info: chrome=135.0.7049.96)
For documentation on this error, please visit: https://www.selenium.dev/documentation/webdriver/troubleshooting/errors#no-such-element-exception
Build info: version: '4.30.0', revision: '509c7f17cc*'
System info: os.name: 'Windows 11', os.arch: 'amd64', os.version: '10.0', java.version: '17.0.13'
Driver info: org.openqa.selenium.chrome.ChromeDriver
Command: [f79746e3317bbf8d92f4df2f4546de5d, findElement {using=name, value=passwor}]
Capabilities {acceptInsecureCerts: false, browserName: chrome, browserVersion: 135.0.7049.96, chrome: {chromedriverVersion: 134.0.6998.165 (fd886e2cb29..., userDataDir: C:\Users\anast\AppData\Loca...}, fedcm:accounts: true, goog:chromeOptions: {debuggerAddress: localhost:50080}, networkConnectionEnabled: false, pageLoadStrategy: normal, platformName: windows, proxy: Proxy(), se:cdp: ws://localhost:50080/devtoo..., se:cdpVersion: 135.0.7049.96, setWindowRect: true, strictFileInteractability: false, timeouts: {implicit: 0, pageLoad: 300000, script: 30000}, unhandledPromptBehavior: dismiss and notify, webauthn:extension:credBlob: true, webauthn:extension:largeBlob: true, webauthn:extension:minPinLength: true, webauthn:extension:prf: true, webauthn:virtualAuthenticators: true}
Session ID: f79746e3317bbf8d92f4df2f4546de5d
10:27:13.911 [main] INFO  com.phonebook.utils.MyListener -- *********************************************************************
10:27:13.911 [main] INFO  com.phonebook.utils.MyListener -- Object target-->ChromeDriver: chrome on windows (f79746e3317bbf8d92f4df2f4546de5d)
10:27:13.911 [main] INFO  com.phonebook.utils.MyListener -- **********************************************************************
10:27:14.111 [main] ERROR com.phonebook.tests.TestBase -- FAILED: loginNegativeWithoutEmailTestScreenshot path:C:\QA\QA55_PhonebookUI\screenshots\screen-1745828834109.png
10:27:14.111 [main] INFO  com.phonebook.tests.TestBase -- Stop test
10:27:14.111 [main] INFO  com.phonebook.tests.TestBase -- ++++++++++++++++++++++++++++++++++++++++++++++++++++++++++++++++++++++++++++++++++++++++++++++++++++++
